0:100  0:100  MemLog inited, TSC freq: 2305936720
0:100  0:000  CPU was calibrated with RTC
0:100  0:000  
0:100  0:000  Now is 11.7.2020,  21:20:51 (GMT)
0:100  0:000  Starting Clover revision: 4813 on LENOVO EFI
0:100  0:000  Build with: [Args: -nb -mc --no-usb -D NO_GRUB_DRIVERS_EMBEDDED | -D DISABLE_USB_SUPPORT -D NO_GRUB_DRIVERS_EMBEDDED -D USE_BIOS_BLOCKIO -D USE_LOW_EBDA -a X64 -b RELEASE -t XCODE8 -n 5 | OS: 10.13.6 | XCODE: 10.1]
0:100  0:000  SelfDevicePath=PciRoot(0x0)\Pci(0x1D,0x0)\Pci(0x0,0x0)\NVMe(0x1,73-29-B2-91-57-38-25-00)\HD(1,GPT,BE06DE0D-5349-4343-BB1B-E6B1CA03D45C,0x28,0x64000) @773BE998
0:100  0:000  SelfDirPath = \EFI\CLOVER
0:100  0:000  === [ Get Smbios ] ========================================
0:100  0:000  Type 16 Index = 0
0:100  0:000  Total Memory Slots Count = 2
0:100  0:000  Type 17 Index = 0
0:100  0:000  SmbiosTable.Type17->Speed = 2133MHz
0:100  0:000  SmbiosTable.Type17->Size = 8192MB
0:100  0:000  SmbiosTable.Type17->Bank/Device = BANK 0 ChannelA-DIMM0
0:100  0:000  SmbiosTable.Type17->Vendor = Samsung
0:100  0:000  SmbiosTable.Type17->SerialNumber = 18011024
0:100  0:000  SmbiosTable.Type17->PartNumber = M471A1G43DB0-CPB    
0:100  0:000  Type 17 Index = 1
0:100  0:000  Ignoring insane frequency value 0MHz
0:100  0:000  SmbiosTable.Type17->Speed = 0MHz
0:100  0:000  SmbiosTable.Type17->Size = 0MB
0:100  0:000  SmbiosTable.Type17->Bank/Device = BANK 1 ChannelA-DIMM1
0:100  0:000  SmbiosTable.Type17->Vendor = <null string>
0:100  0:000  SmbiosTable.Type17->SerialNumber = <null string>
0:100  0:000  SmbiosTable.Type17->PartNumber = <null string>
0:100  0:000  Boot status=0
0:100  0:000  Running on: '80Q0' with board 'Allsparks 7A'
0:100  0:000  === [ GetCPUProperties ] ==================================
0:100  0:000  CPU Vendor = 756E6547 Model=506E3
0:100  0:000   The CPU supported SSE4.1
0:100  0:000  BrandString = Intel(R) Core(TM) i5-6300HQ CPU @ 2.30GHz
0:100  0:000   The CPU supported turbo
0:100  0:000  MSR 0x35               40004
0:100  0:000   TSC/CCC Information Leaf:
0:100  0:000    numerator     : 192
0:100  0:000    denominator   : 2
0:100  0:000   Calibrated ARTFrequency: 24020174
0:100  0:000  MSR 0xE2 before patch 1E008006
0:100  0:000  MSR 0xE2 is locked, PM patches will be turned on
0:100  0:000  MSR 0xCE              0008083B_F1011700
0:100  0:000  corrected FLEX_RATIO = 0
0:100  0:000  MSR 0x1B0             00000000
0:100  0:000  FSBFrequency = 96 MHz, DMI FSBFrequency = 100 MHz, Corrected FSBFrequency = 100 MHz
0:100  0:000  MaxDiv/MinDiv: 23.0/8
0:100  0:000  Turbo: 28/29/30/32
0:100  0:000  Features: 0xBFEBFBFF
0:100  0:000  Threads: 4
0:100  0:000  Cores: 4
0:100  0:000  FSB: 100 MHz
0:100  0:000  CPU: 2200 MHz
0:100  0:000  TSC: 2200 MHz
0:100  0:000  PIS: 100 MHz
0:100  0:000  ExternalClock: 25 MHz
0:100  0:000  === [ GetDevices ] ========================================
0:100  0:000  PCI (00|00:00.00) : 8086 1910 class=060000
0:100  0:000  PCI (00|00:02.00) : 8086 191B class=030000
0:100  0:000   - GFX: Model=Intel HD Graphics 530 (Intel)
0:100  0:000  PCI (00|00:14.00) : 8086 A12F class=0C0330
0:100  0:000  PCI (00|00:16.00) : 8086 A13A class=078000
0:100  0:000  PCI (00|00:17.00) : 8086 A103 class=010601
0:100  0:000  PCI (00|00:1C.00) : 8086 A111 class=060400
0:102  0:001  PCI (00|01:00.00) : 1217 8520 class=080501
0:102  0:000  PCI (00|00:1C.02) : 8086 A112 class=060400
0:102  0:000  PCI (00|02:00.00) : 8086 3166 class=028000
0:102  0:000   - WIFI: Vendor=Intel
0:102  0:000  PCI (00|00:1C.03) : 8086 A113 class=060400
0:102  0:000  PCI (00|03:00.00) : 10EC 8168 class=020000
0:102  0:000   - LAN: 0 Vendor=Realtek
0:102  0:000  PCI (00|00:1D.00) : 8086 A118 class=060400
0:102  0:000  PCI (00|04:00.00) : 144D A808 class=010802
0:102  0:000  PCI (00|00:1F.00) : 8086 A14E class=060100
0:102  0:000  PCI (00|00:1F.02) : 8086 A121 class=058000
0:102  0:000  PCI (00|00:1F.03) : 8086 A170 class=040300
0:102  0:000  PCI (00|00:1F.04) : 8086 A123 class=0C0500
0:102  0:000  === [ GetDefaultSettings ] ================================
0:103  0:000  Clover load options size = 32 bytes
0:103  0:000  Clover started with option to boot boot.efi from SSD
0:104  0:001  EFI\CLOVER\config.plist loaded: Success
0:104  0:000  === [ GetListOfThemes ] ===================================
0:104  0:000  - [00]: Clovy
0:105  0:000  === [ Found config plists ] ===============================
0:105  0:000  - config_HD5300_5500_6000.plist
0:105  0:000  - config_HD3000_1600x900_7series.plist
0:105  0:000  - config-backup.plist
0:105  0:000  - config_HD615_620_630_640_650.plist
0:105  0:000  - config_HD3000_1600x900.plist
0:105  0:000  - config_HD4000_1600x900.plist
0:106  0:000  - config_HD4000_1366x768_6series.plist
0:106  0:000  - config_MASAUSTU.plist
0:106  0:000  - config_UHD630.plist
0:106  0:000  - config_HD510.plist
0:106  0:000  - config_HD5000_5100_5200.plist
0:106  0:000  - config_HD4000_1600x900_6series.plist
0:106  0:000  - config_HD4000_1366x768.plist
0:106  0:000  - config_HD5600.plist
0:106  0:000  - config.plist
0:106  0:000  - config_HD550_P530.plist
0:107  0:000  - config_HD3000_1366x768.plist
0:107  0:000  - config_HD3000_1366x768_7series.plist
0:107  0:000  - config_HD4600_4400_4200.plist
0:107  0:000  - config_HD615_620_630_640_650_spoof.plist
0:107  0:000  === [ GetEarlyUserSettings ] ==============================
0:107  0:000  timeout set to 5
0:107  0:000  Custom boot CUSTOM_BOOT_DISABLED (0x0)
0:107  0:000  ForceKextsToLoad: 1 requested
0:107  0:000   - [0]: System\Library\Extensions\IONetworkingFamily.kext
0:107  0:000  KextsToPatch: 4 requested
0:107  0:000   - [00]: com.apple.iokit.IOUSBHostFamily (USB port limit patch #1 10.14.x modify by DalianSky(credit ydeng)) :: MatchOS: 10.14.x :: BinPatch :: data len: 4
0:107  0:000   - [01]: com.apple.iokit.IOUSBHostFamily (USB port limit patch #2 10.14.x modify by DalianSky(credit PMHeart)) :: MatchOS: 10.14.x :: BinPatch :: data len: 4
0:107  0:000   - [02]: com.apple.driver.usb.AppleUSBXHCI (USB Port limit patch #3 10.14.x modify by DalianSky(credits PMheart)) :: MatchOS: 10.14.x :: BinPatch :: data len: 4
0:107  0:000   - [03]: com.apple.driver.usb.AppleUSBXHCI (USB Port limit patch #4 10.14.x modify by DalianSky(credits PMheart)) :: MatchOS: 10.14.x :: BinPatch :: data len: 4
0:107  0:000  KernelToPatch: 3 requested
0:107  0:000   - [00]: MSR 0xE2 _xcpm_idle instant reboot(c) Pike R. Alpha :: data len: 8
0:107  0:000   - [01]: Disable panic kext logging on 10.13 release kernel (credit vit9696) :: MatchOS: 10.13.x :: data len: 6
0:107  0:000   - [02]: Disable panic kext logging on 10.14 release kernel (credit vit9696) :: MatchOS: 10.14.x :: data len: 6
0:107  0:000  Default theme: BGM
0:107  0:000  Hiding entries with string Preboot
0:107  0:000  === [ LoadDrivers ] =======================================
0:108  0:000  Loading HFSPlus.efi  status=Success
0:108  0:000   - driver needs connecting
0:108  0:000  Loading AppleUITheme-64.efi  status=Success
0:109  0:000  Loading DataHubDxe-64.efi  status=Success
0:110  0:000  Loading apfs.efi  status=Success
0:111  0:001   - driver needs connecting
0:111  0:000  Loading FSInject-64.efi  status=Success
0:112  0:000  Loading FirmwareVolume-64.efi  status=Success
0:112  0:000  Loading ApfsDriverLoader-64.efi  status=Success
0:113  0:000   - driver needs connecting
0:113  0:000  Loading AppleUISupport-64.efi  status=Success
0:114  0:000  Loading AppleImageLoader-64.efi  status=Success
0:114  0:000  Loading AptioMemoryFix-64.efi  status=Success
0:115  0:000  Loading EmuVariableUefi-64.efi  status=Success
0:116  0:000  EmuVariableUefi Initialize: VariableCommonInitialize = Success, orig services stored, install gEmuVariableControlProtocolGuid = Success
0:116  0:000  Loading VBoxExt2-64.efi  status=Success
0:116  0:000   - driver needs connecting
0:116  0:000  Loading GrubEXFAT-64.efi  status=Success
0:117  0:001   - driver needs connecting
0:117  0:000  Loading VBoxExt4-64.efi  status=Success
0:118  0:000   - driver needs connecting
0:118  0:000  Loading GrubISO9660-64.efi  status=Success
0:119  0:000   - driver needs connecting
0:119  0:000  Loading GrubNTFS-64.efi  status=Success
0:120  0:000   - driver needs connecting
0:120  0:000  Loading GrubUDF-64.efi  status=Success
0:121  0:000   - driver needs connecting
0:121  0:000  9 drivers needs connecting ...
0:121  0:000  PlatformDriverOverrideProtocol->GetDriver overriden
0:121  0:000  HFS+ driver loaded
0:121  0:000  APFS driver loaded
0:121  0:000  Searching for invalid DiskIo BY_DRIVER connects: not found, all ok
0:598  0:477  EmuVariable InstallEmulation: orig vars copied, emu.var.services installed, CreateEvent VirtualAddressChange = Success, CreateEvent ExitBootServices = Success, set Status=Success
0:646  0:047  === [ InitScreen ] ========================================
0:646  0:000  SetMaxResolution: found best mode 0: 1920x1080
0:646  0:000   - already set
0:646  0:000  Console modes reported: 7, available modes:
0:646  0:000   - [01]: 80x25
0:646  0:000   - [02]: 80x50
0:646  0:000   - [03]: 80x25
0:646  0:000   - [04]: 240x56 (current mode)
0:646  0:000   - [05]: 100x31
0:646  0:000   - [06]: 128x40
0:646  0:000   - [07]: 160x53
0:646  0:000  SetScreenResolution: 1920x1080 - already set
0:646  0:000  reinit: self device path=PciRoot(0x0)\Pci(0x1D,0x0)\Pci(0x0,0x0)\NVMe(0x1,73-29-B2-91-57-38-25-00)\HD(1,GPT,BE06DE0D-5349-4343-BB1B-E6B1CA03D45C,0x28,0x64000)
0:647  0:000  Using embedded font: Success
0:649  0:001  === [ GetMacAddress ] =====================================
0:649  0:000  === [ ScanSPD ] ===========================================
0:651  0:002  Scanning SMBus [8086:A123], mmio: 0xA142C004, ioport: 0x4040, hostc: 0x11
0:669  0:017  Slot: 0 Type 26 8192MB 2132MHz Vendor=Samsung PartNo=M471A1G43DB0-CPB SerialNo=0102000106070108
0:687  0:018  Slot: 2 Type 26 8192MB 2132MHz Vendor=Samsung PartNo=M471A1G43DB0-CPB SerialNo=010200010606090C
0:688  0:000  === [ GetAcpiTablesList ] =================================
0:688  0:000  Get Acpi Tables List from RSDT:
0:688  0:000   - [00]: FACP  CB-01    len=244
0:688  0:000   - [01]: UEFI  CB-01    len=566
0:688  0:000   - [02]: UEFI  CB-01    len=66
0:688  0:000   - [03]: MSDM  CB-01    len=85
0:688  0:000   - [04]: SSDT  CB-01    len=20740
0:688  0:000   - [05]: DBGP  CB-01    len=52
0:688  0:000   - [06]: DBG2  CB-01    len=97
0:688  0:000   - [07]: SSDT  CB-01    len=1916
0:688  0:000   - [08]: ASF!  CB-01    len=165
0:688  0:000   - [09]: ASPT  CB-01    len=52
0:688  0:000   - [10]: BOOT  CB-01    len=40
0:688  0:000   - [11]: HPET  CB-01    len=56
0:688  0:000   - [12]: LPIT  CB-01    len=148
0:688  0:000   - [13]: APIC  CB-01    len=188
0:688  0:000   - [14]: MCFG  CB-01    len=60
0:688  0:000   - [15]: SSDT  CB-01    len=724
0:688  0:000   - [16]: SSDT  CB-01    len=410
0:688  0:000   - [17]: SSDT  CB-01    len=1012
0:688  0:000   - [18]: SSDT  CB-01    len=3672
0:688  0:000   - [19]: DMAR  CB-01    len=168
0:688  0:000   - [20]: FPDT  CB-01    len=68
0:688  0:000   - [21]: BGRT  CB-01    len=56
0:688  0:000  Calibrated TSC Frequency = 2305936720 = 2305MHz
0:688  0:000  === [ GetUserSettings ] ===================================
0:688  0:000  Add 2 devices:
0:688  0:000  Add 8 properties:
0:688  0:000   - [00]: NVidia Key: name, len: 9
0:688  0:000   - [01]: NVidia Key: IOName, len: 9
0:688  0:000   - [02]: NVidia Key: class-code, len: 4
0:688  0:000   - [03]: ATI Key: name, len: 9
0:688  0:000   - [04]: ATI Key: IOName, len: 9
0:688  0:000   - [05]: ATI Key: class-code, len: 4
0:688  0:000   - [06]: ATI Key: vendor-id, len: 4
0:688  0:000   - [07]: ATI Key: device-id, len: 4
0:688  0:000  USB FixOwnership: yes
0:688  0:000  Dropping 3 tables:
0:688  0:000   - [00]: Drop table  signature="#MCF" (46434D23)
0:688  0:000           - set table: 46434D23,                0 to drop: no
0:688  0:000   - [01]: Drop table  signature="DMAR" (52414D44)
0:688  0:000           - set table: 52414D44,                0 to drop: yes
0:688  0:000   - [02]: Drop table  signature="SSDT" (54445353) table-id="xh_rvp10" (30317076725F6878)
0:688  0:000           - set table: 54445353, 30317076725F6878 to drop: no
0:688  0:000   - final DSDT Fix mask=00000014
0:688  0:000  PatchesDSDT: 12 requested
0:688  0:000   - [00]: (change OSID to XSID (to avoid match against _OSI XOSI patch)) lenToFind: 4, lenToReplace: 4, Target Bridge: <null string>
0:688  0:000    patch disabled at config
0:688  0:000   - [01]: (change _OSI to XOSI) lenToFind: 4, lenToReplace: 4, Target Bridge: <null string>
0:688  0:000    patch disabled at config
0:688  0:000   - [02]: (change _DSM to XDSM) lenToFind: 4, lenToReplace: 4, Target Bridge: <null string>
0:688  0:000    patch disabled at config
0:688  0:000   - [03]: (change EC0 to EC) lenToFind: 4, lenToReplace: 4, Target Bridge: <null string>
0:688  0:000    patch disabled at config
0:688  0:000   - [04]: (change H_EC to EC) lenToFind: 4, lenToReplace: 4, Target Bridge: <null string>
0:688  0:000    patch disabled at config
0:688  0:000   - [05]: (change ECDV to EC) lenToFind: 4, lenToReplace: 4, Target Bridge: <null string>
0:688  0:000    patch disabled at config
0:688  0:000   - [06]: (change HDAS to HDEF) lenToFind: 4, lenToReplace: 4, Target Bridge: <null string>
0:688  0:000   - [07]: (change HECI to IMEI) lenToFind: 4, lenToReplace: 4, Target Bridge: <null string>
0:688  0:000   - [08]: (change MEI to IMEI) lenToFind: 4, lenToReplace: 4, Target Bridge: <null string>
0:688  0:000   - [09]: (change GFX0 to IGPU) lenToFind: 4, lenToReplace: 4, Target Bridge: <null string>
0:688  0:000   - [10]: (change PCI0.VID to IGPU #1 (Thinkpad)) lenToFind: 8, lenToReplace: 8, Target Bridge: <null string>
0:688  0:000   - [11]: (change PCI0.VID to IGPU #2 (Thinkpad)) lenToFind: 14, lenToReplace: 14, Target Bridge: <null string>
0:688  0:000  ResetAddr: 0xCF9
0:688  0:000  Calc ResetVal: 0x6
0:688  0:000  ResetVal: 0x6
0:688  0:000  Using ProductName from config: MacBookPro13,3
0:688  0:000  Found same BiosVersion in clover and config
0:688  0:000  BiosVersion: MBP133.88Z.F000.B00.1810301606
0:688  0:000  BiosReleaseDate: 10/30/2018
0:688  0:000  Using EfiVersion from config: 251.0.0.0.0
0:688  0:000  Using FirmwareFeatures from config: 0xFC0FE13F
0:688  0:000  Using FirmwareFeaturesMask from config: 0xFF1FFF3F
0:688  0:000  Board-ID set from config as Mac-A5C67F76ED83108C
0:688  0:000  BoardType: 0xA
0:688  0:000  ChassisType: 0x9
0:689  0:000  === [ Found DSDT tables ] =================================
0:759  0:069  === [ ScanVolumes ] =======================================
0:759  0:000  Found 13 volumes with blockIO
0:759  0:000  - [00]: Volume: PciRoot(0x0)\Pci(0x17,0x0)\Sata(0x2,0x0,0x0)
0:759  0:000  - [01]: Volume: PciRoot(0x0)\Pci(0x17,0x0)\Sata(0x2,0x0,0x0)\HD(1,GPT,8F122392-31B0-1CF0-D0BF-BF84562EAD4D,0x800,0xC800000)
0:759  0:000  - [02]: Volume: PciRoot(0x0)\Pci(0x17,0x0)\Sata(0x2,0x0,0x0)\HD(2,GPT,71B1891E-C337-6BBC-3E10-E7EAFA72448F,0xC800800,0xC800000)
0:759  0:000  - [03]: Volume: PciRoot(0x0)\Pci(0x17,0x0)\Sata(0x2,0x0,0x0)\HD(3,GPT,5D5E217D-96A9-D051-B29A-26E7E5D539A3,0x19000800,0x2000000)
0:759  0:000  - [04]: Volume: PciRoot(0x0)\Pci(0x17,0x0)\Sata(0x2,0x0,0x0)\HD(4,GPT,82CCBC94-CD57-4F44-A556-8AC496CEFA8D,0x1B000800,0x59706000)
0:861  0:101  - [05]: Volume: PciRoot(0x0)\Pci(0x1D,0x0)\Pci(0x0,0x0)\NVMe(0x1,73-29-B2-91-57-38-25-00)
0:861  0:000  - [06]: Volume: PciRoot(0x0)\Pci(0x1D,0x0)\Pci(0x0,0x0)\NVMe(0x1,73-29-B2-91-57-38-25-00)\HD(1,GPT,BE06DE0D-5349-4343-BB1B-E6B1CA03D45C,0x28,0x64000)
0:861  0:000          Result of bootcode detection: bootable unknown (legacy)
0:861  0:000          This is SelfVolume !!
0:861  0:000  - [07]: Volume: PciRoot(0x0)\Pci(0x1D,0x0)\Pci(0x0,0x0)\NVMe(0x1,73-29-B2-91-57-38-25-00)\HD(2,GPT,7C7F3EB6-59E3-4158-BD2A-E410D73706A5,0x64028,0x3A3516B0)
0:861  0:000          Result of bootcode detection: bootable unknown (legacy)
0:861  0:000  - [08]: Volume: PciRoot(0x0)\Pci(0x1D,0x0)\Pci(0x0,0x0)\NVMe(0x1,73-29-B2-91-57-38-25-00)\HD(3,GPT,384919AE-C998-4E41-A03C-1946A34CDD6D,0x3A3B5800,0x3A35158F)
0:861  0:000  - [09]: Volume: PciRoot(0x0)\Pci(0x1D,0x0)\Pci(0x0,0x0)\NVMe(0x1,73-29-B2-91-57-38-25-00)\HD(2,GPT,7C7F3EB6-59E3-4158-BD2A-E410D73706A5,0x64028,0x3A3516B0)\VenMedia(BE74FCF7-0B7C-49F3-9147-01F4042E6842,4FA4E6DD2E922640B79BC56F2A834DA4)
0:861  0:000          hiding this volume
0:861  0:000  - [10]: Volume: PciRoot(0x0)\Pci(0x1D,0x0)\Pci(0x0,0x0)\NVMe(0x1,73-29-B2-91-57-38-25-00)\HD(2,GPT,7C7F3EB6-59E3-4158-BD2A-E410D73706A5,0x64028,0x3A3516B0)\VenMedia(BE74FCF7-0B7C-49F3-9147-01F4042E6842,090EAD0AC5A3FB4C9932ED5FDF178046)
0:861  0:000  - [11]: Volume: PciRoot(0x0)\Pci(0x1D,0x0)\Pci(0x0,0x0)\NVMe(0x1,73-29-B2-91-57-38-25-00)\HD(2,GPT,7C7F3EB6-59E3-4158-BD2A-E410D73706A5,0x64028,0x3A3516B0)\VenMedia(BE74FCF7-0B7C-49F3-9147-01F4042E6842,6E976EA4172A2041BEF2FCB7D1306A5A)
0:861  0:000  - [12]: Volume: PciRoot(0x0)\Pci(0x1D,0x0)\Pci(0x0,0x0)\NVMe(0x1,73-29-B2-91-57-38-25-00)\HD(2,GPT,7C7F3EB6-59E3-4158-BD2A-E410D73706A5,0x64028,0x3A3516B0)\VenMedia(BE74FCF7-0B7C-49F3-9147-01F4042E6842,E8AF695D034D7E478B0EA766926603DF)
0:869  0:007  PutNvramPlistToRtVars: nvram.plist not found
0:869  0:000  === [ InitTheme ] =========================================
0:869  0:000  GlobalConfig: BGM not found, get embedded theme
0:869  0:000   using embedded theme
0:869  0:000  Using embedded font: Success
0:870  0:000  theme inited
0:870  0:000  Chosen embedded theme
0:870  0:000  found boot-args in NVRAM:, size=1
0:870  0:000  after NVRAM boot-args=nv_disable=1 dart=0 -cdfon -igfxnohdmi slide=0 alcid=3
0:870  0:000  === [ Dump SMC keys from NVRAM ] ==========================
0:870  0:000  no AppleSMC protocol
0:870  0:000  === [ AddCustomEntries ] ==================================
0:870  0:000  Custom entry 0 Title:"Recovery" Path:"\com.apple.recovery.boot\boot.efi" Type:10 Flags:0x6 matching all volumes
0:870  0:000      Checking volume "" (PciRoot(0x0)\Pci(0x17,0x0)\Sata(0x2,0x0,0x0)\HD(4,GPT,82CCBC94-CD57-4F44-A556-8AC496CEFA8D,0x1B000800,0x59706000)) ... skipped because path does not exist
0:870  0:000      Checking volume "EFI" (PciRoot(0x0)\Pci(0x1D,0x0)\Pci(0x0,0x0)\NVMe(0x1,73-29-B2-91-57-38-25-00)\HD(1,GPT,BE06DE0D-5349-4343-BB1B-E6B1CA03D45C,0x28,0x64000)) ... skipped because path does not exist
0:870  0:000      Checking volume "Preboot" (PciRoot(0x0)\Pci(0x1D,0x0)\Pci(0x0,0x0)\NVMe(0x1,73-29-B2-91-57-38-25-00)\HD(2,GPT,7C7F3EB6-59E3-4158-BD2A-E410D73706A5,0x64028,0x3A3516B0)\VenMedia(BE74FCF7-0B7C-49F3-9147-01F4042E6842,4FA4E6DD2E922640B79BC56F2A834DA4)) ... skipped because volume is hidden
0:870  0:000      Checking volume "SSD" (PciRoot(0x0)\Pci(0x1D,0x0)\Pci(0x0,0x0)\NVMe(0x1,73-29-B2-91-57-38-25-00)\HD(2,GPT,7C7F3EB6-59E3-4158-BD2A-E410D73706A5,0x64028,0x3A3516B0)\VenMedia(BE74FCF7-0B7C-49F3-9147-01F4042E6842,090EAD0AC5A3FB4C9932ED5FDF178046)) ... skipped because path does not exist
0:870  0:000      Checking volume "Recovery" (PciRoot(0x0)\Pci(0x1D,0x0)\Pci(0x0,0x0)\NVMe(0x1,73-29-B2-91-57-38-25-00)\HD(2,GPT,7C7F3EB6-59E3-4158-BD2A-E410D73706A5,0x64028,0x3A3516B0)\VenMedia(BE74FCF7-0B7C-49F3-9147-01F4042E6842,6E976EA4172A2041BEF2FCB7D1306A5A)) ... skipped because path does not exist
0:870  0:000      Checking volume "VM" (PciRoot(0x0)\Pci(0x1D,0x0)\Pci(0x0,0x0)\NVMe(0x1,73-29-B2-91-57-38-25-00)\HD(2,GPT,7C7F3EB6-59E3-4158-BD2A-E410D73706A5,0x64028,0x3A3516B0)\VenMedia(BE74FCF7-0B7C-49F3-9147-01F4042E6842,E8AF695D034D7E478B0EA766926603DF)) ... skipped because path does not exist
0:870  0:000  Custom entry 1 Title:"Windows" Path:"\EFI\Microsoft\Boot\bootmgfw.efi" Options:"-s -h" Type:7 Flags:0x0 matching all volumes
0:870  0:000      Checking volume "" (PciRoot(0x0)\Pci(0x17,0x0)\Sata(0x2,0x0,0x0)\HD(4,GPT,82CCBC94-CD57-4F44-A556-8AC496CEFA8D,0x1B000800,0x59706000)) ... skipped because path does not exist
0:870  0:000      Checking volume "EFI" (PciRoot(0x0)\Pci(0x1D,0x0)\Pci(0x0,0x0)\NVMe(0x1,73-29-B2-91-57-38-25-00)\HD(1,GPT,BE06DE0D-5349-4343-BB1B-E6B1CA03D45C,0x28,0x64000)) ... skipped because path does not exist
0:870  0:000      Checking volume "Preboot" (PciRoot(0x0)\Pci(0x1D,0x0)\Pci(0x0,0x0)\NVMe(0x1,73-29-B2-91-57-38-25-00)\HD(2,GPT,7C7F3EB6-59E3-4158-BD2A-E410D73706A5,0x64028,0x3A3516B0)\VenMedia(BE74FCF7-0B7C-49F3-9147-01F4042E6842,4FA4E6DD2E922640B79BC56F2A834DA4)) ... skipped because volume is hidden
0:870  0:000      Checking volume "SSD" (PciRoot(0x0)\Pci(0x1D,0x0)\Pci(0x0,0x0)\NVMe(0x1,73-29-B2-91-57-38-25-00)\HD(2,GPT,7C7F3EB6-59E3-4158-BD2A-E410D73706A5,0x64028,0x3A3516B0)\VenMedia(BE74FCF7-0B7C-49F3-9147-01F4042E6842,090EAD0AC5A3FB4C9932ED5FDF178046)) ... skipped because path does not exist
0:871  0:000      Checking volume "Recovery" (PciRoot(0x0)\Pci(0x1D,0x0)\Pci(0x0,0x0)\NVMe(0x1,73-29-B2-91-57-38-25-00)\HD(2,GPT,7C7F3EB6-59E3-4158-BD2A-E410D73706A5,0x64028,0x3A3516B0)\VenMedia(BE74FCF7-0B7C-49F3-9147-01F4042E6842,6E976EA4172A2041BEF2FCB7D1306A5A)) ... skipped because path does not exist
0:871  0:000      Checking volume "VM" (PciRoot(0x0)\Pci(0x1D,0x0)\Pci(0x0,0x0)\NVMe(0x1,73-29-B2-91-57-38-25-00)\HD(2,GPT,7C7F3EB6-59E3-4158-BD2A-E410D73706A5,0x64028,0x3A3516B0)\VenMedia(BE74FCF7-0B7C-49F3-9147-01F4042E6842,E8AF695D034D7E478B0EA766926603DF)) ... skipped because path does not exist
0:871  0:000  === [ ScanLoader ] ========================================
0:871  0:000  - [04]: ''
0:871  0:000  - [06]: 'EFI'
0:873  0:002          AddLoaderEntry for Volume Name=EFI
0:873  0:000          skipped because entry is hidden
0:873  0:000  - [09]: 'Preboot', hidden
0:873  0:000  - [10]: 'SSD'
0:876  0:003          AddLoaderEntry for Volume Name=SSD
0:877  0:001      hibernated: set as never
1:033  0:155          AddLoaderEntry for Volume Name=SSD
1:033  0:000          skipped because entry is hidden
1:033  0:000  - [11]: 'Recovery'
1:033  0:000          AddLoaderEntry for Volume Name=Recovery
1:035  0:001  - [12]: 'VM'
1:036  0:000  === [ AddCustomTool ] =====================================
1:036  0:000  found tool \EFI\CLOVER\tools\Shell64U.efi
1:036  0:000  Checking EFI partition Volume 6 for Clover
1:036  0:000   Found Clover
1:037  0:000  EmuVariable UninstallEmulation: CloseEvent = Success, original var services restored
1:037  0:000  EmuVariable InstallEmulation: orig vars copied, emu.var.services installed, CreateEvent VirtualAddressChange = Success, CreateEvent ExitBootServices = Success, set Status=Success
1:085  0:047  === [ GetEfiBootDeviceFromNvram ] =========================
1:085  0:000   - efi-boot-device-data: PciRoot(0x0)\Pci(0x1D,0x0)\Pci(0x0,0x0)\NVMe(0x1,73-29-B2-91-57-38-25-00)\HD(1,GPT,BE06DE0D-5349-4343-BB1B-E6B1CA03D45C,0x28,0x64000)\EFI\=ArchLinux\grubx64.efi
1:085  0:000    - Volume: 'PciRoot(0x0)\Pci(0x1D,0x0)\Pci(0x0,0x0)\NVMe(0x1,73-29-B2-91-57-38-25-00)\HD(1,GPT,BE06DE0D-5349-4343-BB1B-E6B1CA03D45C,0x28,0x64000)'
1:085  0:000    - LoaderPath: 'EFI\=ArchLinux\grubx64.efi'
1:085  0:000    - Guid = BE06DE0D-5349-4343-BB1B-E6B1CA03D45C
1:085  0:000  === [ FindStartupDiskVolume ] =============================
1:085  0:000    - Volume: partition = PciRoot(0x0)\Pci(0x1D,0x0)\Pci(0x0,0x0)\NVMe(0x1,73-29-B2-91-57-38-25-00)\HD(1,GPT,BE06DE0D-5349-4343-BB1B-E6B1CA03D45C,0x28,0x64000)
1:085  0:000     - searching for that partition and loader 'EFI\=ArchLinux\grubx64.efi'
1:085  0:000      - [!] not found
1:085  0:000     - searching again, but comparing Media dev path nodes
1:085  0:000      - [!] not found
1:085  0:000     - searching for that partition
1:085  0:000      - [!] not found
1:085  0:000     - searching again, but comparing Media dev path nodes
1:085  0:000      - [!] not found
1:085  0:000   - found entry 0. 'Boot macOS from SSD', Volume 'SSD', DevicePath 'PciRoot(0x0)\Pci(0x1D,0x0)\Pci(0x0,0x0)\NVMe(0x1,73-29-B2-91-57-38-25-00)\HD(2,GPT,7C7F3EB6-59E3-4158-BD2A-E410D73706A5,0x64028,0x3A3516B0)\VenMedia(BE74FCF7-0B7C-49F3-9147-01F4042E6842,090EAD0AC5A3FB4C9932ED5FDF178046)\System\Library\CoreServices\boot.efii'
1:085  0:000  EmuVariable UninstallEmulation: CloseEvent = Success, original var services restored
1:085  0:000  DefaultIndex=0 and MainMenu.EntryCount=8
1:085  0:000  not run anime
1:132  0:047  GUI ready
2:307  1:175  ReinitSelfLib after theme change
2:307  0:000  reinit: self device path=PciRoot(0x0)\Pci(0x1D,0x0)\Pci(0x0,0x0)\NVMe(0x1,73-29-B2-91-57-38-25-00)\HD(1,GPT,BE06DE0D-5349-4343-BB1B-E6B1CA03D45C,0x28,0x64000)
2:308  0:000  === [ ScanVolumes ] =======================================
2:308  0:000  Found 13 volumes with blockIO
2:308  0:000  - [00]: Volume: PciRoot(0x0)\Pci(0x17,0x0)\Sata(0x2,0x0,0x0)
2:308  0:000  - [01]: Volume: PciRoot(0x0)\Pci(0x17,0x0)\Sata(0x2,0x0,0x0)\HD(1,GPT,8F122392-31B0-1CF0-D0BF-BF84562EAD4D,0x800,0xC800000)
2:308  0:000  - [02]: Volume: PciRoot(0x0)\Pci(0x17,0x0)\Sata(0x2,0x0,0x0)\HD(2,GPT,71B1891E-C337-6BBC-3E10-E7EAFA72448F,0xC800800,0xC800000)
2:308  0:000  - [03]: Volume: PciRoot(0x0)\Pci(0x17,0x0)\Sata(0x2,0x0,0x0)\HD(3,GPT,5D5E217D-96A9-D051-B29A-26E7E5D539A3,0x19000800,0x2000000)
2:308  0:000  - [04]: Volume: PciRoot(0x0)\Pci(0x17,0x0)\Sata(0x2,0x0,0x0)\HD(4,GPT,82CCBC94-CD57-4F44-A556-8AC496CEFA8D,0x1B000800,0x59706000)
2:308  0:000          This is SelfVolume !!
2:308  0:000  - [05]: Volume: PciRoot(0x0)\Pci(0x1D,0x0)\Pci(0x0,0x0)\NVMe(0x1,73-29-B2-91-57-38-25-00)
2:308  0:000  - [06]: Volume: PciRoot(0x0)\Pci(0x1D,0x0)\Pci(0x0,0x0)\NVMe(0x1,73-29-B2-91-57-38-25-00)\HD(1,GPT,BE06DE0D-5349-4343-BB1B-E6B1CA03D45C,0x28,0x64000)
2:309  0:000          Result of bootcode detection: bootable unknown (legacy)
2:309  0:000          This is SelfVolume !!
2:309  0:000  - [07]: Volume: PciRoot(0x0)\Pci(0x1D,0x0)\Pci(0x0,0x0)\NVMe(0x1,73-29-B2-91-57-38-25-00)\HD(2,GPT,7C7F3EB6-59E3-4158-BD2A-E410D73706A5,0x64028,0x3A3516B0)
2:309  0:000          Result of bootcode detection: bootable unknown (legacy)
2:309  0:000  - [08]: Volume: PciRoot(0x0)\Pci(0x1D,0x0)\Pci(0x0,0x0)\NVMe(0x1,73-29-B2-91-57-38-25-00)\HD(3,GPT,384919AE-C998-4E41-A03C-1946A34CDD6D,0x3A3B5800,0x3A35158F)
2:309  0:000  - [09]: Volume: PciRoot(0x0)\Pci(0x1D,0x0)\Pci(0x0,0x0)\NVMe(0x1,73-29-B2-91-57-38-25-00)\HD(2,GPT,7C7F3EB6-59E3-4158-BD2A-E410D73706A5,0x64028,0x3A3516B0)\VenMedia(BE74FCF7-0B7C-49F3-9147-01F4042E6842,4FA4E6DD2E922640B79BC56F2A834DA4)
2:309  0:000  - [10]: Volume: PciRoot(0x0)\Pci(0x1D,0x0)\Pci(0x0,0x0)\NVMe(0x1,73-29-B2-91-57-38-25-00)\HD(2,GPT,7C7F3EB6-59E3-4158-BD2A-E410D73706A5,0x64028,0x3A3516B0)\VenMedia(BE74FCF7-0B7C-49F3-9147-01F4042E6842,090EAD0AC5A3FB4C9932ED5FDF178046)
2:309  0:000  - [11]: Volume: PciRoot(0x0)\Pci(0x1D,0x0)\Pci(0x0,0x0)\NVMe(0x1,73-29-B2-91-57-38-25-00)\HD(2,GPT,7C7F3EB6-59E3-4158-BD2A-E410D73706A5,0x64028,0x3A3516B0)\VenMedia(BE74FCF7-0B7C-49F3-9147-01F4042E6842,6E976EA4172A2041BEF2FCB7D1306A5A)
2:309  0:000  - [12]: Volume: PciRoot(0x0)\Pci(0x1D,0x0)\Pci(0x0,0x0)\NVMe(0x1,73-29-B2-91-57-38-25-00)\HD(2,GPT,7C7F3EB6-59E3-4158-BD2A-E410D73706A5,0x64028,0x3A3516B0)\VenMedia(BE74FCF7-0B7C-49F3-9147-01F4042E6842,E8AF695D034D7E478B0EA766926603DF)
2:309  0:000  theme inited
2:309  0:000  Chosen embedded theme
2:309  0:000  found boot-args in NVRAM:, size=1
2:309  0:000  after NVRAM boot-args=nv_disable=1 dart=0 -cdfon -igfxnohdmi slide=0 alcid=3
2:310  0:000  === [ AddCustomEntries ] ==================================
2:310  0:000  Custom entry 0 Title:"Recovery" Path:"\com.apple.recovery.boot\boot.efi" Type:10 Flags:0x6 matching all volumes
2:310  0:000      Checking volume "" (PciRoot(0x0)\Pci(0x17,0x0)\Sata(0x2,0x0,0x0)\HD(4,GPT,82CCBC94-CD57-4F44-A556-8AC496CEFA8D,0x1B000800,0x59706000)) ... skipped because path does not exist
2:310  0:000      Checking volume "EFI" (PciRoot(0x0)\Pci(0x1D,0x0)\Pci(0x0,0x0)\NVMe(0x1,73-29-B2-91-57-38-25-00)\HD(1,GPT,BE06DE0D-5349-4343-BB1B-E6B1CA03D45C,0x28,0x64000)) ... skipped because path does not exist
2:310  0:000      Checking volume "Preboot" (PciRoot(0x0)\Pci(0x1D,0x0)\Pci(0x0,0x0)\NVMe(0x1,73-29-B2-91-57-38-25-00)\HD(2,GPT,7C7F3EB6-59E3-4158-BD2A-E410D73706A5,0x64028,0x3A3516B0)\VenMedia(BE74FCF7-0B7C-49F3-9147-01F4042E6842,4FA4E6DD2E922640B79BC56F2A834DA4)) ... skipped because path does not exist
2:310  0:000      Checking volume "SSD" (PciRoot(0x0)\Pci(0x1D,0x0)\Pci(0x0,0x0)\NVMe(0x1,73-29-B2-91-57-38-25-00)\HD(2,GPT,7C7F3EB6-59E3-4158-BD2A-E410D73706A5,0x64028,0x3A3516B0)\VenMedia(BE74FCF7-0B7C-49F3-9147-01F4042E6842,090EAD0AC5A3FB4C9932ED5FDF178046)) ... skipped because path does not exist
2:310  0:000      Checking volume "Recovery" (PciRoot(0x0)\Pci(0x1D,0x0)\Pci(0x0,0x0)\NVMe(0x1,73-29-B2-91-57-38-25-00)\HD(2,GPT,7C7F3EB6-59E3-4158-BD2A-E410D73706A5,0x64028,0x3A3516B0)\VenMedia(BE74FCF7-0B7C-49F3-9147-01F4042E6842,6E976EA4172A2041BEF2FCB7D1306A5A)) ... skipped because path does not exist
2:310  0:000      Checking volume "VM" (PciRoot(0x0)\Pci(0x1D,0x0)\Pci(0x0,0x0)\NVMe(0x1,73-29-B2-91-57-38-25-00)\HD(2,GPT,7C7F3EB6-59E3-4158-BD2A-E410D73706A5,0x64028,0x3A3516B0)\VenMedia(BE74FCF7-0B7C-49F3-9147-01F4042E6842,E8AF695D034D7E478B0EA766926603DF)) ... skipped because path does not exist
2:310  0:000  Custom entry 1 Title:"Windows" Path:"\EFI\Microsoft\Boot\bootmgfw.efi" Options:"-s -h" Type:7 Flags:0x0 matching all volumes
2:310  0:000      Checking volume "" (PciRoot(0x0)\Pci(0x17,0x0)\Sata(0x2,0x0,0x0)\HD(4,GPT,82CCBC94-CD57-4F44-A556-8AC496CEFA8D,0x1B000800,0x59706000)) ... skipped because path does not exist
2:310  0:000      Checking volume "EFI" (PciRoot(0x0)\Pci(0x1D,0x0)\Pci(0x0,0x0)\NVMe(0x1,73-29-B2-91-57-38-25-00)\HD(1,GPT,BE06DE0D-5349-4343-BB1B-E6B1CA03D45C,0x28,0x64000)) ... skipped because path does not exist
2:310  0:000      Checking volume "Preboot" (PciRoot(0x0)\Pci(0x1D,0x0)\Pci(0x0,0x0)\NVMe(0x1,73-29-B2-91-57-38-25-00)\HD(2,GPT,7C7F3EB6-59E3-4158-BD2A-E410D73706A5,0x64028,0x3A3516B0)\VenMedia(BE74FCF7-0B7C-49F3-9147-01F4042E6842,4FA4E6DD2E922640B79BC56F2A834DA4)) ... skipped because path does not exist
2:310  0:000      Checking volume "SSD" (PciRoot(0x0)\Pci(0x1D,0x0)\Pci(0x0,0x0)\NVMe(0x1,73-29-B2-91-57-38-25-00)\HD(2,GPT,7C7F3EB6-59E3-4158-BD2A-E410D73706A5,0x64028,0x3A3516B0)\VenMedia(BE74FCF7-0B7C-49F3-9147-01F4042E6842,090EAD0AC5A3FB4C9932ED5FDF178046)) ... skipped because path does not exist
2:310  0:000      Checking volume "Recovery" (PciRoot(0x0)\Pci(0x1D,0x0)\Pci(0x0,0x0)\NVMe(0x1,73-29-B2-91-57-38-25-00)\HD(2,GPT,7C7F3EB6-59E3-4158-BD2A-E410D73706A5,0x64028,0x3A3516B0)\VenMedia(BE74FCF7-0B7C-49F3-9147-01F4042E6842,6E976EA4172A2041BEF2FCB7D1306A5A)) ... skipped because path does not exist
2:310  0:000      Checking volume "VM" (PciRoot(0x0)\Pci(0x1D,0x0)\Pci(0x0,0x0)\NVMe(0x1,73-29-B2-91-57-38-25-00)\HD(2,GPT,7C7F3EB6-59E3-4158-BD2A-E410D73706A5,0x64028,0x3A3516B0)\VenMedia(BE74FCF7-0B7C-49F3-9147-01F4042E6842,E8AF695D034D7E478B0EA766926603DF)) ... skipped because path does not exist
2:310  0:000  === [ ScanLoader ] ========================================
2:310  0:000  - [04]: ''
2:310  0:000  - [06]: 'EFI'
2:312  0:002          AddLoaderEntry for Volume Name=EFI
2:313  0:000  - [09]: 'Preboot'
2:313  0:000          AddLoaderEntry for Volume Name=Preboot
2:314  0:000      hibernated: set as never
2:315  0:001          AddLoaderEntry for Volume Name=Preboot
2:316  0:001  - [10]: 'SSD'
2:317  0:000          AddLoaderEntry for Volume Name=SSD
2:317  0:000      hibernated: set as never
2:473  0:155          AddLoaderEntry for Volume Name=SSD
2:473  0:000  - [11]: 'Recovery'
2:473  0:000          AddLoaderEntry for Volume Name=Recovery
2:474  0:001  - [12]: 'VM'
2:475  0:000  === [ AddCustomTool ] =====================================
2:475  0:000  found tool \EFI\CLOVER\tools\Shell64U.efi
2:475  0:000  Checking EFI partition Volume 6 for Clover
2:475  0:000   Found Clover
2:475  0:000  EmuVariable UninstallEmulation: CloseEvent = Invalid Parameter, original var services restored
2:475  0:000  EmuVariable InstallEmulation: orig vars copied, emu.var.services installed, CreateEvent VirtualAddressChange = Success, CreateEvent ExitBootServices = Success, set Status=Success
2:523  0:047  === [ GetEfiBootDeviceFromNvram ] =========================
2:523  0:000  === [ FindStartupDiskVolume ] =============================
2:523  0:000    - Volume: partition = PciRoot(0x0)\Pci(0x1D,0x0)\Pci(0x0,0x0)\NVMe(0x1,73-29-B2-91-57-38-25-00)\HD(1,GPT,BE06DE0D-5349-4343-BB1B-E6B1CA03D45C,0x28,0x64000)
2:523  0:000     - searching for that partition and loader 'EFI\=ArchLinux\grubx64.efi'
2:523  0:000      - [!] not found
2:523  0:000     - searching again, but comparing Media dev path nodes
2:523  0:000      - [!] not found
2:523  0:000     - searching for that partition
2:523  0:000      - found entry 0. 'Boot UEFI internal from EFI', Volume 'EFI'
2:523  0:000  Boot redirected to Entry 0. 'Boot UEFI internal from EFI'
2:523  0:000  EmuVariable UninstallEmulation: CloseEvent = Success, original var services restored
2:523  0:000  DefaultIndex=0 and MainMenu.EntryCount=12
2:523  0:000  not run anime
17:854  15:331  BootVariable of the entry is empty
17:854  0:000  === [ StartLoader ] =======================================
17:854  0:000  Finally: ExternalClock=26MHz BusSpeed=100259kHz CPUFreq=2306MHz PIS: hw.busfrequency=104000000Hz
17:854  0:000  Loading BOOTX64.efi  status=Success
17:901  0:046  Custom boot is disabled
17:901  0:000  Closing log
